2023-08-25 20:57:43 - INFO - logger - db: 4N56hpqdKD serial added to database with charge:1 and remained:1.
2023-08-25 20:57:43 - INFO - logger - db: edtI5GNa2u serial added to database with charge:1 and remained:1.
2023-08-25 20:57:43 - INFO - logger - db: bOQoMK4ipi serial added to database with charge:1 and remained:1.
2023-08-25 20:57:44 - INFO - logger - db: nYyzm0e8VJ serial added to database with charge:1 and remained:1.
2023-08-25 20:57:44 - INFO - logger - db: 9C42ZhzLzS serial added to database with charge:1 and remained:1.
2023-08-25 20:57:44 - INFO - logger - db: PI9elMyGsX serial added to database with charge:1 and remained:1.
2023-08-25 20:57:44 - INFO - logger - db: VUKdlJ1Bc0 serial added to database with charge:1 and remained:1.
2023-08-25 20:57:44 - INFO - logger - db: Nk0MMELkYD serial added to database with charge:1 and remained:1.
2023-08-25 20:57:44 - INFO - logger - db: JYNBjP8Bky serial added to database with charge:1 and remained:1.
2023-08-25 20:57:45 - INFO - logger - db: 9EG850HIC0 serial added to database with charge:1 and remained:1.
2023-08-25 20:57:45 - INFO - logger - db: cB5MIHdRtX serial added to database with charge:1 and remained:1.
2023-08-25 20:57:45 - INFO - logger - db: talZbNe1gb serial added to database with charge:1 and remained:1.
2023-08-25 20:57:45 - INFO - logger - db: YTTsvovibz serial added to database with charge:1 and remained:1.
2023-08-25 20:57:45 - INFO - logger - db: jVfJpTZnQA serial added to database with charge:1 and remained:1.
2023-08-25 20:57:45 - INFO - logger - db: Q9Q4Yly5pg serial added to database with charge:1 and remained:1.
2023-08-25 20:57:45 - INFO - logger - db: amnOcHArTP serial added to database with charge:1 and remained:1.
2023-08-25 20:57:45 - INFO - logger - db: hOIuLcElTT serial added to database with charge:1 and remained:1.
2023-08-25 20:57:45 - INFO - logger - db: sNFwgcf4eo serial added to database with charge:1 and remained:1.
2023-08-25 20:57:45 - INFO - logger - db: uhwgzvwojS serial added to database with charge:1 and remained:1.
2023-08-25 20:57:45 - INFO - logger - db: eOAmTF2OlP serial added to database with charge:1 and remained:1.
2023-08-25 20:57:46 - INFO - logger - db: QBHokzhEW9 serial added to database with charge:1 and remained:1.
2023-08-25 20:57:46 - INFO - logger - db: 4TABtUX2wG serial added to database with charge:1 and remained:1.
2023-08-25 20:57:46 - INFO - logger - db: wfYSCXBaPm serial added to database with charge:1 and remained:1.
2023-08-25 20:57:46 - INFO - logger - db: chiFN9gT1d serial added to database with charge:1 and remained:1.
2023-08-25 20:57:46 - INFO - logger - db: ZML2L19yYs serial added to database with charge:1 and remained:1.
2023-08-25 20:57:46 - INFO - logger - db: W8ow3gAt1n serial added to database with charge:1 and remained:1.
2023-08-25 20:57:46 - INFO - logger - db: XFdhpQgn4J serial added to database with charge:1 and remained:1.
2023-08-25 20:57:46 - INFO - logger - db: yt1uB5Lgvi serial added to database with charge:1 and remained:1.
2023-08-25 20:57:46 - INFO - logger - db: 5vB95q6V5p serial added to database with charge:1 and remained:1.
2023-08-25 20:57:46 - INFO - logger - db: x5PWGMLHnA serial added to database with charge:1 and remained:1.
2023-08-25 20:57:46 - INFO - logger - db: RCv35f2EYi serial added to database with charge:1 and remained:1.
2023-08-25 20:57:47 - INFO - logger - db: Kywv5vut9a serial added to database with charge:1 and remained:1.
2023-08-25 20:57:47 - INFO - logger - db: wrI0H7DByz serial added to database with charge:1 and remained:1.
2023-08-25 20:57:47 - INFO - logger - db: 6D7iRK4mHl serial added to database with charge:1 and remained:1.
2023-08-25 20:57:47 - INFO - logger - db: JGMW3pj6eF serial added to database with charge:1 and remained:1.
2023-08-25 20:57:47 - INFO - logger - db: VNS1DuWIrQ serial added to database with charge:1 and remained:1.
2023-08-25 20:57:47 - INFO - logger - db: nZ5izAV2FG serial added to database with charge:1 and remained:1.
2023-08-25 20:57:47 - INFO - logger - db: mvOjyEUEkD serial added to database with charge:1 and remained:1.
2023-08-25 20:57:47 - INFO - logger - db: aPJx9hHsrJ serial added to database with charge:1 and remained:1.
2023-08-25 20:57:47 - INFO - logger - db: 3VhE961bDi serial added to database with charge:1 and remained:1.
2023-08-25 20:57:47 - INFO - logger - db: nWQ6GVWIjN serial added to database with charge:5 and remained:1.
2023-08-25 20:57:47 - INFO - logger - db: H0fr9XAdVq serial added to database with charge:5 and remained:1.
2023-08-25 20:57:47 - INFO - logger - db: ISrR4F7Plk serial added to database with charge:5 and remained:1.
2023-08-25 20:57:48 - INFO - logger - db: eq4KmmmqIN serial added to database with charge:5 and remained:1.
2023-08-25 20:57:48 - INFO - logger - db: j3WDUy3CeF serial added to database with charge:5 and remained:1.
2023-08-25 20:57:48 - INFO - logger - db: 33zynpFeyc serial added to database with charge:5 and remained:1.
2023-08-25 20:57:48 - INFO - logger - db: zvbJXtd8Fn serial added to database with charge:5 and remained:1.
2023-08-25 20:57:48 - INFO - logger - db: nZVZeP34Dq serial added to database with charge:5 and remained:1.
2023-08-25 20:57:48 - INFO - logger - db: Qwa3c2hob6 serial added to database with charge:5 and remained:1.
2023-08-25 20:57:48 - INFO - logger - db: qmNRAEX1kt serial added to database with charge:5 and remained:1.
2023-08-25 20:57:48 - INFO - logger - db: zmSNMehErB serial added to database with charge:5 and remained:1.
2023-08-25 20:57:48 - INFO - logger - db: lzCLJLkPOF serial added to database with charge:5 and remained:1.
2023-08-25 20:57:49 - INFO - logger - db: hApJq7yEz1 serial added to database with charge:5 and remained:1.
2023-08-25 20:57:49 - INFO - logger - db: CsGbanBjEY serial added to database with charge:5 and remained:1.
2023-08-25 20:57:49 - INFO - logger - db: 9aVnmfw6Nn serial added to database with charge:5 and remained:1.
2023-08-25 20:57:49 - INFO - logger - db: AJnU7Frhou serial added to database with charge:5 and remained:1.
2023-08-25 20:57:49 - INFO - logger - db: kC0lrvmFjs serial added to database with charge:5 and remained:1.
2023-08-25 20:57:49 - INFO - logger - db: PUPJCWOMMS serial added to database with charge:5 and remained:1.
2023-08-25 20:57:49 - INFO - logger - db: qUMkWjRW0w serial added to database with charge:5 and remained:1.
2023-08-25 20:57:49 - INFO - logger - db: 5PrwyGBUAf serial added to database with charge:5 and remained:1.
2023-08-25 20:57:49 - INFO - logger - db: 3SIqgqYnVV serial added to database with charge:5 and remained:1.
2023-08-25 20:57:49 - INFO - logger - db: FA31JpgZqb serial added to database with charge:5 and remained:1.
2023-08-25 20:57:49 - INFO - logger - db: 6rJfD4HsMW serial added to database with charge:5 and remained:1.
2023-08-25 20:57:50 - INFO - logger - db: ShMvuZUVfi serial added to database with charge:5 and remained:1.
2023-08-25 20:57:50 - INFO - logger - db: DXtbtu0a7V serial added to database with charge:5 and remained:1.
2023-08-25 20:57:50 - INFO - logger - db: UKzUfTwYBd serial added to database with charge:5 and remained:1.
2023-08-25 20:57:50 - INFO - logger - db: FhpXJWrIdN serial added to database with charge:5 and remained:1.
2023-08-25 20:57:50 - INFO - logger - db: vsakH1bMHz serial added to database with charge:5 and remained:1.
2023-08-25 20:57:50 - INFO - logger - db: ve9NPOq52V serial added to database with charge:5 and remained:1.
2023-08-25 20:57:50 - INFO - logger - db: x7ihSW3d24 serial added to database with charge:5 and remained:1.
2023-08-25 20:57:50 - INFO - logger - db: dHc7A1Lt0H serial added to database with charge:10 and remained:1.
2023-08-25 20:57:50 - INFO - logger - db: trOQu48oHM serial added to database with charge:10 and remained:1.
2023-08-25 20:57:50 - INFO - logger - db: c6q25r8vlT serial added to database with charge:10 and remained:1.
2023-08-25 20:57:50 - INFO - logger - db: BIgEScp8NQ serial added to database with charge:10 and remained:1.
2023-08-25 20:57:50 - INFO - logger - db: 8Sh56aT7hB serial added to database with charge:10 and remained:1.
2023-08-25 20:57:51 - INFO - logger - db: YCPyHaHNub serial added to database with charge:10 and remained:1.
2023-08-25 20:57:51 - INFO - logger - db: kwgNypdXj1 serial added to database with charge:10 and remained:1.
2023-08-25 20:57:51 - INFO - logger - db: RFhqJkzjyG serial added to database with charge:10 and remained:1.
2023-08-25 20:57:51 - INFO - logger - db: mq5gNb7pnh serial added to database with charge:10 and remained:1.
2023-08-25 20:57:51 - INFO - logger - db: 6fEztMWm11 serial added to database with charge:10 and remained:1.
2023-08-25 20:57:51 - INFO - logger - db: ct2nPE9w0T serial added to database with charge:10 and remained:1.
2023-08-25 20:57:51 - INFO - logger - db: heWMaZHmjY serial added to database with charge:10 and remained:1.
2023-08-25 20:57:51 - INFO - logger - db: YfHX9Daz2c serial added to database with charge:10 and remained:1.
2023-08-25 20:57:51 - INFO - logger - db: ZL9blGrkWu serial added to database with charge:10 and remained:1.
2023-08-25 20:57:51 - INFO - logger - db: UEXhoQnV7K serial added to database with charge:10 and remained:1.
2023-08-25 20:57:51 - INFO - logger - db: TxcJVEYEKZ serial added to database with charge:10 and remained:1.
2023-08-25 20:57:51 - INFO - logger - db: Ui4omxARRi serial added to database with charge:10 and remained:1.
2023-08-25 20:57:51 - INFO - logger - db: koBkfi3KRv serial added to database with charge:10 and remained:1.
2023-08-25 20:57:51 - INFO - logger - db: vzZgQPVogL serial added to database with charge:10 and remained:1.
2023-08-25 20:57:51 - INFO - logger - db: 8uFKYmyoXR serial added to database with charge:10 and remained:1.
2023-08-25 20:57:52 - INFO - logger - db: testistest serial added to database with charge:2 and remained:30.
2023-08-25 20:57:52 - INFO - logger - db: mofid43 serial added to database with charge:2 and remained:30.
